c:\users\lucho\onedrive\escritorio\algoritmos1\2025s1_ejercicios1\aframework\debug\vc143.pdb
c:\users\lucho\onedrive\escritorio\algoritmos1\2025s1_ejercicios1\aframework\debug\vc143.idb
c:\users\lucho\onedrive\escritorio\algoritmos1\2025s1_ejercicios1\aframework\debug\pruebaspropias.obj
c:\users\lucho\onedrive\escritorio\algoritmos1\2025s1_ejercicios1\aframework\debug\pruebaslistas.obj
c:\users\lucho\onedrive\escritorio\algoritmos1\2025s1_ejercicios1\aframework\debug\pruebasdefensa.obj
c:\users\lucho\onedrive\escritorio\algoritmos1\2025s1_ejercicios1\aframework\debug\pruebascomienzo.obj
c:\users\lucho\onedrive\escritorio\algoritmos1\2025s1_ejercicios1\aframework\debug\pruebasauxlistas.obj
c:\users\lucho\onedrive\escritorio\algoritmos1\2025s1_ejercicios1\aframework\debug\pruebasauxdefensa.obj
c:\users\lucho\onedrive\escritorio\algoritmos1\2025s1_ejercicios1\aframework\debug\pruebasauxcomienzo.obj
c:\users\lucho\onedrive\escritorio\algoritmos1\2025s1_ejercicios1\aframework\debug\pruebasauxarboles.obj
c:\users\lucho\onedrive\escritorio\algoritmos1\2025s1_ejercicios1\aframework\debug\pruebasarboles.obj
c:\users\lucho\onedrive\escritorio\algoritmos1\2025s1_ejercicios1\aframework\debug\pruebas.obj
c:\users\lucho\onedrive\escritorio\algoritmos1\2025s1_ejercicios1\aframework\debug\principal.obj
c:\users\lucho\onedrive\escritorio\algoritmos1\2025s1_ejercicios1\aframework\debug\manejadorsalidaprueba.obj
c:\users\lucho\onedrive\escritorio\algoritmos1\2025s1_ejercicios1\aframework\debug\funcaux_s.obj
c:\users\lucho\onedrive\escritorio\algoritmos1\2025s1_ejercicios1\aframework\debug\funcaux.obj
c:\users\lucho\onedrive\escritorio\algoritmos1\2025s1_ejercicios1\aframework\debug\ejercicioslistas.obj
c:\users\lucho\onedrive\escritorio\algoritmos1\2025s1_ejercicios1\aframework\debug\ejercicioscomienzo.obj
c:\users\lucho\onedrive\escritorio\algoritmos1\2025s1_ejercicios1\aframework\debug\ejerciciosarboles.obj
c:\users\lucho\onedrive\escritorio\algoritmos1\2025s1_ejercicios1\aframework\debug\defensa.obj
c:\users\lucho\onedrive\escritorio\algoritmos1\2025s1_ejercicios1\aframework\debug\colaarray.obj
c:\users\lucho\onedrive\escritorio\algoritmos1\2025s1_ejercicios1\aframework\debug\aframework.ilk
c:\users\lucho\onedrive\escritorio\algoritmos1\2025s1_ejercicios1\debug\aframework.pdb
c:\users\lucho\onedrive\escritorio\algoritmos1\2025s1_ejercicios1\aframework\debug\aframework.tlog\cl.command.1.tlog
c:\users\lucho\onedrive\escritorio\algoritmos1\2025s1_ejercicios1\aframework\debug\aframework.tlog\cl.items.tlog
c:\users\lucho\onedrive\escritorio\algoritmos1\2025s1_ejercicios1\aframework\debug\aframework.tlog\cl.read.1.tlog
c:\users\lucho\onedrive\escritorio\algoritmos1\2025s1_ejercicios1\aframework\debug\aframework.tlog\cl.write.1.tlog
c:\users\lucho\onedrive\escritorio\algoritmos1\2025s1_ejercicios1\aframework\debug\aframework.tlog\link-cvtres.read.1.tlog
c:\users\lucho\onedrive\escritorio\algoritmos1\2025s1_ejercicios1\aframework\debug\aframework.tlog\link-cvtres.write.1.tlog
c:\users\lucho\onedrive\escritorio\algoritmos1\2025s1_ejercicios1\aframework\debug\aframework.tlog\link-rc.read.1.tlog
c:\users\lucho\onedrive\escritorio\algoritmos1\2025s1_ejercicios1\aframework\debug\aframework.tlog\link-rc.write.1.tlog
c:\users\lucho\onedrive\escritorio\algoritmos1\2025s1_ejercicios1\aframework\debug\aframework.tlog\link.1892-cvtres.read.1.tlog
c:\users\lucho\onedrive\escritorio\algoritmos1\2025s1_ejercicios1\aframework\debug\aframework.tlog\link.1892-cvtres.write.1.tlog
c:\users\lucho\onedrive\escritorio\algoritmos1\2025s1_ejercicios1\aframework\debug\aframework.tlog\link.1892-rc.read.1.tlog
c:\users\lucho\onedrive\escritorio\algoritmos1\2025s1_ejercicios1\aframework\debug\aframework.tlog\link.1892-rc.write.1.tlog
c:\users\lucho\onedrive\escritorio\algoritmos1\2025s1_ejercicios1\aframework\debug\aframework.tlog\link.1892.read.1.tlog
c:\users\lucho\onedrive\escritorio\algoritmos1\2025s1_ejercicios1\aframework\debug\aframework.tlog\link.1892.write.1.tlog
c:\users\lucho\onedrive\escritorio\algoritmos1\2025s1_ejercicios1\aframework\debug\aframework.tlog\link.command.1.tlog
c:\users\lucho\onedrive\escritorio\algoritmos1\2025s1_ejercicios1\aframework\debug\aframework.tlog\link.read.1.tlog
c:\users\lucho\onedrive\escritorio\algoritmos1\2025s1_ejercicios1\aframework\debug\aframework.tlog\link.secondary.1.tlog
c:\users\lucho\onedrive\escritorio\algoritmos1\2025s1_ejercicios1\aframework\debug\aframework.tlog\link.write.1.tlog
